\BOOKMARK [1][-]{section.1}{The\040Problem}{}% 1
\BOOKMARK [2][-]{subsection.1.1}{A\040City\040Split\040in\040Two}{section.1}% 2
\BOOKMARK [2][-]{subsection.1.2}{Why\040the\040Gap\040Persists}{section.1}% 3
\BOOKMARK [2][-]{subsection.1.3}{The\040Cost\040of\040Doing\040Nothing}{section.1}% 4
\BOOKMARK [1][-]{section.2}{The\040Solution}{}% 5
\BOOKMARK [2][-]{subsection.2.1}{Three-Phase\040Enforcement\040Loop}{section.2}% 6
\BOOKMARK [2][-]{subsection.2.2}{The\040Three-Pillar\040Evidence\040Architecture}{section.2}% 7
\BOOKMARK [2][-]{subsection.2.3}{Why\040It\040Works\040on\040a\0404\040GB\040GPU}{section.2}% 8
\BOOKMARK [2][-]{subsection.2.4}{Beyond\040the\040Pillars\040\204\040The\040Extended\040Command\040Surface}{section.2}% 9
\BOOKMARK [2][-]{subsection.2.5}{What\040Makes\040It\040Court-Admissible}{section.2}% 10
\BOOKMARK [2][-]{subsection.2.6}{Novel\040Contributions}{section.2}% 11
\BOOKMARK [1][-]{section.3}{Proposed\040Approach}{}% 12
\BOOKMARK [2][-]{subsection.3.1}{Adaptive\040Preprocessing}{section.3}% 13
\BOOKMARK [2][-]{subsection.3.2}{The\040Seven-Stage\040Detection\040Pipeline}{section.3}% 14
\BOOKMARK [2][-]{subsection.3.3}{Seven\040Violation\040Types,\040in\040Three\040Confidence\040Tiers}{section.3}% 15
\BOOKMARK [3][-]{subsubsection.3.3.1}{Head-region\040spatial\040association\040\(helmet\)}{subsection.3.3}% 16
\BOOKMARK [3][-]{subsubsection.3.3.2}{Triple\040riding}{subsection.3.3}% 17
\BOOKMARK [3][-]{subsubsection.3.3.3}{Zone-based\040and\040signal-based\040heuristics}{subsection.3.3}% 18
\BOOKMARK [2][-]{subsection.3.4}{OCR\040Pipeline}{section.3}% 19
\BOOKMARK [2][-]{subsection.3.5}{VRAM\040Management}{section.3}% 20
\BOOKMARK [1][-]{section.4}{Feature\040Inventory}{}% 21
\BOOKMARK [1][-]{section.5}{The\040Command\040Center}{}% 22
\BOOKMARK [2][-]{subsection.5.1}{The\040Extended\040Command\040Surface}{section.5}% 23
\BOOKMARK [1][-]{section.6}{Methodology}{}% 24
\BOOKMARK [2][-]{subsection.6.1}{Model\040Selection}{section.6}% 25
\BOOKMARK [2][-]{subsection.6.2}{Development\040Sprints\040with\040Go\040/\040No-Go\040Gates}{section.6}% 26
\BOOKMARK [1][-]{section.7}{Assumptions}{}% 27
\BOOKMARK [2][-]{subsection.7.1}{Technical}{section.7}% 28
\BOOKMARK [2][-]{subsection.7.2}{Operational\040&\040Legal}{section.7}% 29
\BOOKMARK [2][-]{subsection.7.3}{Data\040&\040Performance}{section.7}% 30
\BOOKMARK [1][-]{section.8}{Expected\040Evaluation\040Strategy}{}% 31
\BOOKMARK [2][-]{subsection.8.1}{Detection\040Metrics}{section.8}% 32
\BOOKMARK [2][-]{subsection.8.2}{OCR\040&\040Efficiency}{section.8}% 33
\BOOKMARK [2][-]{subsection.8.3}{Robustness\040Evaluation\040Plan}{section.8}% 34
\BOOKMARK [2][-]{subsection.8.4}{Target\040Evaluation\040Table}{section.8}% 35
\BOOKMARK [2][-]{subsection.8.5}{Projected\040Impact}{section.8}% 36
\BOOKMARK [1][-]{section.9}{Benefits\040to\040Society}{}% 37
\BOOKMARK [2][-]{subsection.9.1}{For\040Citizens\040\204\040Safer\040Roads,\040Fewer\040Fatalities}{section.9}% 38
\BOOKMARK [2][-]{subsection.9.2}{For\040the\040Police\040\204\040Dignity\040and\040Focus}{section.9}% 39
\BOOKMARK [2][-]{subsection.9.3}{For\040the\040City\040\204\040Revenue\040That\040Funds\040Better\040Roads}{section.9}% 40
\BOOKMARK [2][-]{subsection.9.4}{For\040Justice\040\204\040Evidence\040That\040Holds\040Up}{section.9}% 41
\BOOKMARK [2][-]{subsection.9.5}{For\040the\040Country\040\204\040A\040Blueprint\040That\040Scales}{section.9}% 42
\BOOKMARK [1][-]{section.10}{Responsible\040AI\040and\040Safeguards}{}% 43
\BOOKMARK [1][-]{section.11}{Suggested\040Judge\040Demo\040Flow}{}% 44
\BOOKMARK [1][-]{section.12}{Conclusion}{}% 45
