This is pdfTeX, Version 3.141592653-2.6-1.40.28 (MiKTeX 25.12) (preloaded format=pdflatex 2026.2.1)  23 JUN 2026 15:31
entering extended mode
 restricted \write18 enabled.
 %&-line parsing enabled.
**./hackathon-submission-document.tex
(hackathon-submission-document.tex
LaTeX2e <2025-11-01>
L3 programming layer <2025-12-24>
(C:\Users\Vedant\AppData\Local\Programs\MiKTeX\tex/latex/base\article.cls
Document Class: article 2025/01/22 v1.4n Standard LaTeX document class
(C:\Users\Vedant\AppData\Local\Programs\MiKTeX\tex/latex/base\size11.clo
File: size11.clo 2025/01/22 v1.4n Standard LaTeX file (size option)
)
\c@part=\count275
\c@section=\count276
\c@subsection=\count277
\c@subsubsection=\count278
\c@paragraph=\count279
\c@subparagraph=\count280
\c@figure=\count281
\c@table=\count282
\abovecaptionskip=\skip49
\belowcaptionskip=\skip50
\bibindent=\dimen148
)
(C:\Users\Vedant\AppData\Local\Programs\MiKTeX\tex/latex/xcolor\xcolor.sty
Package: xcolor 2024/09/29 v3.02 LaTeX color extensions (UK)

(C:\Users\Vedant\AppData\Local\Programs\MiKTeX\tex/latex/graphics-cfg\color.cfg
File: color.cfg 2016/01/02 v1.6 sample color configuration
)
Package xcolor Info: Driver file: pdftex.def on input line 274.

(C:\Users\Vedant\AppData\Local\Programs\MiKTeX\tex/latex/graphics-def\pdftex.de
f
File: pdftex.def 2025/09/29 v1.2d Graphics/color driver for pdftex
)
(C:\Users\Vedant\AppData\Local\Programs\MiKTeX\tex/latex/graphics\mathcolor.ltx
)
Package xcolor Info: Model `cmy' substituted by `cmy0' on input line 1349.
Package xcolor Info: Model `hsb' substituted by `rgb' on input line 1353.
Package xcolor Info: Model `RGB' extended on input line 1365.
Package xcolor Info: Model `HTML' substituted by `rgb' on input line 1367.
Package xcolor Info: Model `Hsb' substituted by `hsb' on input line 1368.
Package xcolor Info: Model `tHsb' substituted by `hsb' on input line 1369.
Package xcolor Info: Model `HSB' substituted by `hsb' on input line 1370.
Package xcolor Info: Model `Gray' substituted by `gray' on input line 1371.
Package xcolor Info: Model `wave' substituted by `hsb' on input line 1372.
)
(C:\Users\Vedant\AppData\Local\Programs\MiKTeX\tex/latex/graphics\graphicx.sty
Package: graphicx 2024/12/31 v1.2e Enhanced LaTeX Graphics (DPC,SPQR)

(C:\Users\Vedant\AppData\Local\Programs\MiKTeX\tex/latex/graphics\keyval.sty
Package: keyval 2022/05/29 v1.15 key=value parser (DPC)
\KV@toks@=\toks17
)
(C:\Users\Vedant\AppData\Local\Programs\MiKTeX\tex/latex/graphics\graphics.sty
Package: graphics 2024/08/06 v1.4g Standard LaTeX Graphics (DPC,SPQR)

(C:\Users\Vedant\AppData\Local\Programs\MiKTeX\tex/latex/graphics\trig.sty
Package: trig 2023/12/02 v1.11 sin cos tan (DPC)
)
(C:\Users\Vedant\AppData\Local\Programs\MiKTeX\tex/latex/graphics-cfg\graphics.
cfg
File: graphics.cfg 2016/06/04 v1.11 sample graphics configuration
)
Package graphics Info: Driver file: pdftex.def on input line 106.
)
\Gin@req@height=\dimen149
\Gin@req@width=\dimen150
)
(C:\Users\Vedant\AppData\Local\Programs\MiKTeX\tex/latex/tools\longtable.sty
Package: longtable 2025-10-13 v4.24 Multi-page Table package (DPC)
\LTleft=\skip51
\LTright=\skip52
\LTpre=\skip53
\LTpost=\skip54
\LTchunksize=\count283
\LTcapwidth=\dimen151
\LT@head=\box53
\LT@firsthead=\box54
\LT@foot=\box55
\LT@lastfoot=\box56
\LT@gbox=\box57
\LT@cols=\count284
\LT@rows=\count285
\c@LT@tables=\count286
\c@LT@chunks=\count287
\LT@p@ftn=\toks18
)
(C:\Users\Vedant\AppData\Local\Programs\MiKTeX\tex/latex/tools\array.sty
Package: array 2025/09/25 v2.6n Tabular extension package (FMi)
\col@sep=\dimen152
\ar@mcellbox=\box58
\extrarowheight=\dimen153
\NC@list=\toks19
\extratabsurround=\skip55
\backup@length=\skip56
\ar@cellbox=\box59
)
(C:\Users\Vedant\AppData\Local\Programs\MiKTeX\tex/latex/tools\tabularx.sty
Package: tabularx 2023/12/11 v2.12a `tabularx' package (DPC)
\TX@col@width=\dimen154
\TX@old@table=\dimen155
\TX@old@col=\dimen156
\TX@target=\dimen157
\TX@delta=\dimen158
\TX@cols=\count288
\TX@ftn=\toks20
)
(C:\Users\Vedant\AppData\Local\Programs\MiKTeX\tex/latex/base\textcomp.sty
Package: textcomp 2024/04/24 v2.1b Standard LaTeX package
)
(C:\Users\Vedant\AppData\Local\Programs\MiKTeX\tex/latex/hyperref\hyperref.sty
Package: hyperref 2025-07-12 v7.01o Hypertext links for LaTeX

(C:\Users\Vedant\AppData\Local\Programs\MiKTeX\tex/generic/iftex\iftex.sty
Package: iftex 2024/12/12 v1.0g TeX engine tests
)
(C:\Users\Vedant\AppData\Local\Programs\MiKTeX\tex/latex/kvsetkeys\kvsetkeys.st
y
Package: kvsetkeys 2022-10-05 v1.19 Key value parser (HO)
)
(C:\Users\Vedant\AppData\Local\Programs\MiKTeX\tex/generic/kvdefinekeys\kvdefin
ekeys.sty
Package: kvdefinekeys 2019-12-19 v1.6 Define keys (HO)
)
(C:\Users\Vedant\AppData\Local\Programs\MiKTeX\tex/generic/pdfescape\pdfescape.
sty
Package: pdfescape 2019/12/09 v1.15 Implements pdfTeX's escape features (HO)

(C:\Users\Vedant\AppData\Local\Programs\MiKTeX\tex/generic/ltxcmds\ltxcmds.sty
Package: ltxcmds 2023-12-04 v1.26 LaTeX kernel commands for general use (HO)
)
(C:\Users\Vedant\AppData\Local\Programs\MiKTeX\tex/generic/pdftexcmds\pdftexcmd
s.sty
Package: pdftexcmds 2020-06-27 v0.33 Utility functions of pdfTeX for LuaTeX (HO
)

(C:\Users\Vedant\AppData\Local\Programs\MiKTeX\tex/generic/infwarerr\infwarerr.
sty
Package: infwarerr 2019/12/03 v1.5 Providing info/warning/error messages (HO)
)
Package pdftexcmds Info: \pdf@primitive is available.
Package pdftexcmds Info: \pdf@ifprimitive is available.
Package pdftexcmds Info: \pdfdraftmode found.
))
(C:\Users\Vedant\AppData\Local\Programs\MiKTeX\tex/latex/hycolor\hycolor.sty
Package: hycolor 2020-01-27 v1.10 Color options for hyperref/bookmark (HO)
)
(C:\Users\Vedant\AppData\Local\Programs\MiKTeX\tex/latex/hyperref\nameref.sty
Package: nameref 2025-06-21 v2.57 Cross-referencing by name of section

(C:\Users\Vedant\AppData\Local\Programs\MiKTeX\tex/latex/refcount\refcount.sty
Package: refcount 2019/12/15 v3.6 Data extraction from label references (HO)
)
(C:\Users\Vedant\AppData\Local\Programs\MiKTeX\tex/generic/gettitlestring\getti
tlestring.sty
Package: gettitlestring 2019/12/15 v1.6 Cleanup title references (HO)

(C:\Users\Vedant\AppData\Local\Programs\MiKTeX\tex/latex/kvoptions\kvoptions.st
y
Package: kvoptions 2022-06-15 v3.15 Key value format for package options (HO)
))
\c@section@level=\count289
)
(C:\Users\Vedant\AppData\Local\Programs\MiKTeX\tex/latex/etoolbox\etoolbox.sty
Package: etoolbox 2025/10/02 v2.5m e-TeX tools for LaTeX (JAW)
\etb@tempcnta=\count290
)
(C:\Users\Vedant\AppData\Local\Programs\MiKTeX\tex/generic/stringenc\stringenc.
sty
Package: stringenc 2019/11/29 v1.12 Convert strings between diff. encodings (HO
)
)
\@linkdim=\dimen159
\Hy@linkcounter=\count291
\Hy@pagecounter=\count292

(C:\Users\Vedant\AppData\Local\Programs\MiKTeX\tex/latex/hyperref\pd1enc.def
File: pd1enc.def 2025-07-12 v7.01o Hyperref: PDFDocEncoding definition (HO)
Now handling font encoding PD1 ...
... no UTF-8 mapping file for font encoding PD1
)
(C:\Users\Vedant\AppData\Local\Programs\MiKTeX\tex/generic/intcalc\intcalc.sty
Package: intcalc 2019/12/15 v1.3 Expandable calculations with integers (HO)
)
\Hy@SavedSpaceFactor=\count293
(C:\Users\Vedant\AppData\Local\Programs\MiKTeX\tex/latex/hyperref\puenc.def
File: puenc.def 2025-07-12 v7.01o Hyperref: PDF Unicode definition (HO)
Now handling font encoding PU ...
... no UTF-8 mapping file for font encoding PU
)
Package hyperref Info: Option `colorlinks' set `true' on input line 4066.
Package hyperref Info: Option `unicode' set `true' on input line 4066.
Package hyperref Info: Hyper figures OFF on input line 4195.
Package hyperref Info: Link nesting OFF on input line 4200.
Package hyperref Info: Hyper index ON on input line 4203.
Package hyperref Info: Plain pages OFF on input line 4210.
Package hyperref Info: Backreferencing OFF on input line 4215.
Package hyperref Info: Implicit mode ON; LaTeX internals redefined.
Package hyperref Info: Bookmarks ON on input line 4462.
\c@Hy@tempcnt=\count294

(C:\Users\Vedant\AppData\Local\Programs\MiKTeX\tex/latex/url\url.sty
\Urlmuskip=\muskip17
Package: url 2013/09/16  ver 3.4  Verb mode for urls, etc.
)
LaTeX Info: Redefining \url on input line 4801.
\XeTeXLinkMargin=\dimen160

(C:\Users\Vedant\AppData\Local\Programs\MiKTeX\tex/generic/bitset\bitset.sty
Package: bitset 2019/12/09 v1.3 Handle bit-vector datatype (HO)

(C:\Users\Vedant\AppData\Local\Programs\MiKTeX\tex/generic/bigintcalc\bigintcal
c.sty
Package: bigintcalc 2019/12/15 v1.5 Expandable calculations on big integers (HO
)
))
\Fld@menulength=\count295
\Field@Width=\dimen161
\Fld@charsize=\dimen162
Package hyperref Info: Hyper figures OFF on input line 6078.
Package hyperref Info: Link nesting OFF on input line 6083.
Package hyperref Info: Hyper index ON on input line 6086.
Package hyperref Info: backreferencing OFF on input line 6093.
Package hyperref Info: Link coloring ON on input line 6096.
Package hyperref Info: Link coloring with OCG OFF on input line 6103.
Package hyperref Info: PDF/A mode OFF on input line 6108.
\Hy@abspage=\count296
\c@Item=\count297
\c@Hfootnote=\count298
)
Package hyperref Info: Driver (autodetected): hpdftex.

(C:\Users\Vedant\AppData\Local\Programs\MiKTeX\tex/latex/hyperref\hpdftex.def
File: hpdftex.def 2025-07-12 v7.01o Hyperref driver for pdfTeX
\Fld@listcount=\count299
\c@bookmark@seq@number=\count300

(C:\Users\Vedant\AppData\Local\Programs\MiKTeX\tex/latex/rerunfilecheck\rerunfi
lecheck.sty
Package: rerunfilecheck 2025-06-21 v1.11 Rerun checks for auxiliary files (HO)

(C:\Users\Vedant\AppData\Local\Programs\MiKTeX\tex/generic/uniquecounter\unique
counter.sty
Package: uniquecounter 2019/12/15 v1.4 Provide unlimited unique counter (HO)
)
Package uniquecounter Info: New unique counter `rerunfilecheck' on input line 2
84.
)
\Hy@SectionHShift=\skip57
)
(C:\Users\Vedant\AppData\Local\Programs\MiKTeX\tex/latex/pgf/frontendlayer\tikz
.sty
(C:\Users\Vedant\AppData\Local\Programs\MiKTeX\tex/latex/pgf/basiclayer\pgf.sty

(C:\Users\Vedant\AppData\Local\Programs\MiKTeX\tex/latex/pgf/utilities\pgfrcs.s
ty
(C:\Users\Vedant\AppData\Local\Programs\MiKTeX\tex/generic/pgf/utilities\pgfuti
l-common.tex
\pgfutil@everybye=\toks21
\pgfutil@tempdima=\dimen163
\pgfutil@tempdimb=\dimen164
)
(C:\Users\Vedant\AppData\Local\Programs\MiKTeX\tex/generic/pgf/utilities\pgfuti
l-latex.def
\pgfutil@abb=\box60
)
(C:\Users\Vedant\AppData\Local\Programs\MiKTeX\tex/generic/pgf/utilities\pgfrcs
.code.tex
(C:\Users\Vedant\AppData\Local\Programs\MiKTeX\tex/generic/pgf\pgf.revision.tex
)
Package: pgfrcs 2025-08-29 v3.1.11a (3.1.11a)
))
Package: pgf 2025-08-29 v3.1.11a (3.1.11a)

(C:\Users\Vedant\AppData\Local\Programs\MiKTeX\tex/latex/pgf/basiclayer\pgfcore
.sty
(C:\Users\Vedant\AppData\Local\Programs\MiKTeX\tex/latex/pgf/systemlayer\pgfsys
.sty
(C:\Users\Vedant\AppData\Local\Programs\MiKTeX\tex/generic/pgf/systemlayer\pgfs
ys.code.tex
Package: pgfsys 2025-08-29 v3.1.11a (3.1.11a)

(C:\Users\Vedant\AppData\Local\Programs\MiKTeX\tex/generic/pgf/utilities\pgfkey
s.code.tex
\pgfkeys@pathtoks=\toks22
\pgfkeys@temptoks=\toks23

(C:\Users\Vedant\AppData\Local\Programs\MiKTeX\tex/generic/pgf/utilities\pgfkey
slibraryfiltered.code.tex
\pgfkeys@tmptoks=\toks24
))
\pgf@x=\dimen165
\pgf@y=\dimen166
\pgf@xa=\dimen167
\pgf@ya=\dimen168
\pgf@xb=\dimen169
\pgf@yb=\dimen170
\pgf@xc=\dimen171
\pgf@yc=\dimen172
\pgf@xd=\dimen173
\pgf@yd=\dimen174
\w@pgf@writea=\write3
\r@pgf@reada=\read2
\c@pgf@counta=\count301
\c@pgf@countb=\count302
\c@pgf@countc=\count303
\c@pgf@countd=\count304
\t@pgf@toka=\toks25
\t@pgf@tokb=\toks26
\t@pgf@tokc=\toks27
\pgf@sys@id@count=\count305

(C:\Users\Vedant\AppData\Local\Programs\MiKTeX\tex/generic/pgf/systemlayer\pgf.
cfg
File: pgf.cfg 2025-08-29 v3.1.11a (3.1.11a)
)
Driver file for pgf: pgfsys-pdftex.def

(C:\Users\Vedant\AppData\Local\Programs\MiKTeX\tex/generic/pgf/systemlayer\pgfs
ys-pdftex.def
File: pgfsys-pdftex.def 2025-08-29 v3.1.11a (3.1.11a)

(C:\Users\Vedant\AppData\Local\Programs\MiKTeX\tex/generic/pgf/systemlayer\pgfs
ys-common-pdf.def
File: pgfsys-common-pdf.def 2025-08-29 v3.1.11a (3.1.11a)
)))
(C:\Users\Vedant\AppData\Local\Programs\MiKTeX\tex/generic/pgf/systemlayer\pgfs
yssoftpath.code.tex
File: pgfsyssoftpath.code.tex 2025-08-29 v3.1.11a (3.1.11a)
\pgfsyssoftpath@smallbuffer@items=\count306
\pgfsyssoftpath@bigbuffer@items=\count307
)
(C:\Users\Vedant\AppData\Local\Programs\MiKTeX\tex/generic/pgf/systemlayer\pgfs
ysprotocol.code.tex
File: pgfsysprotocol.code.tex 2025-08-29 v3.1.11a (3.1.11a)
))
(C:\Users\Vedant\AppData\Local\Programs\MiKTeX\tex/generic/pgf/basiclayer\pgfco
re.code.tex
Package: pgfcore 2025-08-29 v3.1.11a (3.1.11a)

(C:\Users\Vedant\AppData\Local\Programs\MiKTeX\tex/generic/pgf/math\pgfmath.cod
e.tex
(C:\Users\Vedant\AppData\Local\Programs\MiKTeX\tex/generic/pgf/math\pgfmathutil
.code.tex)
(C:\Users\Vedant\AppData\Local\Programs\MiKTeX\tex/generic/pgf/math\pgfmathpars
er.code.tex
\pgfmath@dimen=\dimen175
\pgfmath@count=\count308
\pgfmath@box=\box61
\pgfmath@toks=\toks28
\pgfmath@stack@operand=\toks29
\pgfmath@stack@operation=\toks30
)
(C:\Users\Vedant\AppData\Local\Programs\MiKTeX\tex/generic/pgf/math\pgfmathfunc
tions.code.tex)
(C:\Users\Vedant\AppData\Local\Programs\MiKTeX\tex/generic/pgf/math\pgfmathfunc
tions.basic.code.tex)
(C:\Users\Vedant\AppData\Local\Programs\MiKTeX\tex/generic/pgf/math\pgfmathfunc
tions.trigonometric.code.tex)
(C:\Users\Vedant\AppData\Local\Programs\MiKTeX\tex/generic/pgf/math\pgfmathfunc
tions.random.code.tex)
(C:\Users\Vedant\AppData\Local\Programs\MiKTeX\tex/generic/pgf/math\pgfmathfunc
tions.comparison.code.tex)
(C:\Users\Vedant\AppData\Local\Programs\MiKTeX\tex/generic/pgf/math\pgfmathfunc
tions.base.code.tex)
(C:\Users\Vedant\AppData\Local\Programs\MiKTeX\tex/generic/pgf/math\pgfmathfunc
tions.round.code.tex)
(C:\Users\Vedant\AppData\Local\Programs\MiKTeX\tex/generic/pgf/math\pgfmathfunc
tions.misc.code.tex)
(C:\Users\Vedant\AppData\Local\Programs\MiKTeX\tex/generic/pgf/math\pgfmathfunc
tions.integerarithmetics.code.tex)
(C:\Users\Vedant\AppData\Local\Programs\MiKTeX\tex/generic/pgf/math\pgfmathcalc
.code.tex)
(C:\Users\Vedant\AppData\Local\Programs\MiKTeX\tex/generic/pgf/math\pgfmathfloa
t.code.tex
\c@pgfmathroundto@lastzeros=\count309
))
(C:\Users\Vedant\AppData\Local\Programs\MiKTeX\tex/generic/pgf/math\pgfint.code
.tex)
(C:\Users\Vedant\AppData\Local\Programs\MiKTeX\tex/generic/pgf/basiclayer\pgfco
repoints.code.tex
File: pgfcorepoints.code.tex 2025-08-29 v3.1.11a (3.1.11a)
\pgf@picminx=\dimen176
\pgf@picmaxx=\dimen177
\pgf@picminy=\dimen178
\pgf@picmaxy=\dimen179
\pgf@pathminx=\dimen180
\pgf@pathmaxx=\dimen181
\pgf@pathminy=\dimen182
\pgf@pathmaxy=\dimen183
\pgf@xx=\dimen184
\pgf@xy=\dimen185
\pgf@yx=\dimen186
\pgf@yy=\dimen187
\pgf@zx=\dimen188
\pgf@zy=\dimen189
)
(C:\Users\Vedant\AppData\Local\Programs\MiKTeX\tex/generic/pgf/basiclayer\pgfco
repathconstruct.code.tex
File: pgfcorepathconstruct.code.tex 2025-08-29 v3.1.11a (3.1.11a)
\pgf@path@lastx=\dimen190
\pgf@path@lasty=\dimen191
)
(C:\Users\Vedant\AppData\Local\Programs\MiKTeX\tex/generic/pgf/basiclayer\pgfco
repathusage.code.tex
File: pgfcorepathusage.code.tex 2025-08-29 v3.1.11a (3.1.11a)
\pgf@shorten@end@additional=\dimen192
\pgf@shorten@start@additional=\dimen193
)
(C:\Users\Vedant\AppData\Local\Programs\MiKTeX\tex/generic/pgf/basiclayer\pgfco
rescopes.code.tex
File: pgfcorescopes.code.tex 2025-08-29 v3.1.11a (3.1.11a)
\pgfpic=\box62
\pgf@hbox=\box63
\pgf@layerbox@main=\box64
\pgf@picture@serial@count=\count310
)
(C:\Users\Vedant\AppData\Local\Programs\MiKTeX\tex/generic/pgf/basiclayer\pgfco
regraphicstate.code.tex
File: pgfcoregraphicstate.code.tex 2025-08-29 v3.1.11a (3.1.11a)
\pgflinewidth=\dimen194
)
(C:\Users\Vedant\AppData\Local\Programs\MiKTeX\tex/generic/pgf/basiclayer\pgfco
retransformations.code.tex
File: pgfcoretransformations.code.tex 2025-08-29 v3.1.11a (3.1.11a)
\pgf@pt@x=\dimen195
\pgf@pt@y=\dimen196
\pgf@pt@temp=\dimen197
)
(C:\Users\Vedant\AppData\Local\Programs\MiKTeX\tex/generic/pgf/basiclayer\pgfco
requick.code.tex
File: pgfcorequick.code.tex 2025-08-29 v3.1.11a (3.1.11a)
)
(C:\Users\Vedant\AppData\Local\Programs\MiKTeX\tex/generic/pgf/basiclayer\pgfco
reobjects.code.tex
File: pgfcoreobjects.code.tex 2025-08-29 v3.1.11a (3.1.11a)
)
(C:\Users\Vedant\AppData\Local\Programs\MiKTeX\tex/generic/pgf/basiclayer\pgfco
repathprocessing.code.tex
File: pgfcorepathprocessing.code.tex 2025-08-29 v3.1.11a (3.1.11a)
)
(C:\Users\Vedant\AppData\Local\Programs\MiKTeX\tex/generic/pgf/basiclayer\pgfco
rearrows.code.tex
File: pgfcorearrows.code.tex 2025-08-29 v3.1.11a (3.1.11a)
\pgfarrowsep=\dimen198
)
(C:\Users\Vedant\AppData\Local\Programs\MiKTeX\tex/generic/pgf/basiclayer\pgfco
reshade.code.tex
File: pgfcoreshade.code.tex 2025-08-29 v3.1.11a (3.1.11a)
\pgf@max=\dimen199
\pgf@sys@shading@range@num=\count311
\pgf@shadingcount=\count312
)
(C:\Users\Vedant\AppData\Local\Programs\MiKTeX\tex/generic/pgf/basiclayer\pgfco
reimage.code.tex
File: pgfcoreimage.code.tex 2025-08-29 v3.1.11a (3.1.11a)
)
(C:\Users\Vedant\AppData\Local\Programs\MiKTeX\tex/generic/pgf/basiclayer\pgfco
reexternal.code.tex
File: pgfcoreexternal.code.tex 2025-08-29 v3.1.11a (3.1.11a)
\pgfexternal@startupbox=\box65
)
(C:\Users\Vedant\AppData\Local\Programs\MiKTeX\tex/generic/pgf/basiclayer\pgfco
relayers.code.tex
File: pgfcorelayers.code.tex 2025-08-29 v3.1.11a (3.1.11a)
)
(C:\Users\Vedant\AppData\Local\Programs\MiKTeX\tex/generic/pgf/basiclayer\pgfco
retransparency.code.tex
File: pgfcoretransparency.code.tex 2025-08-29 v3.1.11a (3.1.11a)
)
(C:\Users\Vedant\AppData\Local\Programs\MiKTeX\tex/generic/pgf/basiclayer\pgfco
repatterns.code.tex
File: pgfcorepatterns.code.tex 2025-08-29 v3.1.11a (3.1.11a)
)
(C:\Users\Vedant\AppData\Local\Programs\MiKTeX\tex/generic/pgf/basiclayer\pgfco
rerdf.code.tex
File: pgfcorerdf.code.tex 2025-08-29 v3.1.11a (3.1.11a)
)))
(C:\Users\Vedant\AppData\Local\Programs\MiKTeX\tex/generic/pgf/modules\pgfmodul
eshapes.code.tex
File: pgfmoduleshapes.code.tex 2025-08-29 v3.1.11a (3.1.11a)
\pgfnodeparttextbox=\box66
)
(C:\Users\Vedant\AppData\Local\Programs\MiKTeX\tex/generic/pgf/modules\pgfmodul
eplot.code.tex
File: pgfmoduleplot.code.tex 2025-08-29 v3.1.11a (3.1.11a)
)
(C:\Users\Vedant\AppData\Local\Programs\MiKTeX\tex/latex/pgf/compatibility\pgfc
omp-version-0-65.sty
Package: pgfcomp-version-0-65 2025-08-29 v3.1.11a (3.1.11a)
\pgf@nodesepstart=\dimen256
\pgf@nodesepend=\dimen257
)
(C:\Users\Vedant\AppData\Local\Programs\MiKTeX\tex/latex/pgf/compatibility\pgfc
omp-version-1-18.sty
Package: pgfcomp-version-1-18 2025-08-29 v3.1.11a (3.1.11a)
))
(C:\Users\Vedant\AppData\Local\Programs\MiKTeX\tex/latex/pgf/utilities\pgffor.s
ty
(C:\Users\Vedant\AppData\Local\Programs\MiKTeX\tex/latex/pgf/utilities\pgfkeys.
sty
(C:\Users\Vedant\AppData\Local\Programs\MiKTeX\tex/generic/pgf/utilities\pgfkey
s.code.tex))
(C:\Users\Vedant\AppData\Local\Programs\MiKTeX\tex/latex/pgf/math\pgfmath.sty
(C:\Users\Vedant\AppData\Local\Programs\MiKTeX\tex/generic/pgf/math\pgfmath.cod
e.tex))
(C:\Users\Vedant\AppData\Local\Programs\MiKTeX\tex/generic/pgf/utilities\pgffor
.code.tex
Package: pgffor 2025-08-29 v3.1.11a (3.1.11a)
\pgffor@iter=\dimen258
\pgffor@skip=\dimen259
\pgffor@stack=\toks31
\pgffor@toks=\toks32
))
(C:\Users\Vedant\AppData\Local\Programs\MiKTeX\tex/generic/pgf/frontendlayer/ti
kz\tikz.code.tex
Package: tikz 2025-08-29 v3.1.11a (3.1.11a)

(C:\Users\Vedant\AppData\Local\Programs\MiKTeX\tex/generic/pgf/libraries\pgflib
raryplothandlers.code.tex
File: pgflibraryplothandlers.code.tex 2025-08-29 v3.1.11a (3.1.11a)
\pgf@plot@mark@count=\count313
\pgfplotmarksize=\dimen260
)
\tikz@lastx=\dimen261
\tikz@lasty=\dimen262
\tikz@lastxsaved=\dimen263
\tikz@lastysaved=\dimen264
\tikz@lastmovetox=\dimen265
\tikz@lastmovetoy=\dimen266
\tikzleveldistance=\dimen267
\tikzsiblingdistance=\dimen268
\tikz@figbox=\box67
\tikz@figbox@bg=\box68
\tikz@tempbox=\box69
\tikz@tempbox@bg=\box70
\tikztreelevel=\count314
\tikznumberofchildren=\count315
\tikznumberofcurrentchild=\count316
\tikz@fig@count=\count317

(C:\Users\Vedant\AppData\Local\Programs\MiKTeX\tex/generic/pgf/modules\pgfmodul
ematrix.code.tex
File: pgfmodulematrix.code.tex 2025-08-29 v3.1.11a (3.1.11a)
\pgfmatrixcurrentrow=\count318
\pgfmatrixcurrentcolumn=\count319
\pgf@matrix@numberofcolumns=\count320
)
\tikz@expandcount=\count321

(C:\Users\Vedant\AppData\Local\Programs\MiKTeX\tex/generic/pgf/frontendlayer/ti
kz/libraries\tikzlibrarytopaths.code.tex
File: tikzlibrarytopaths.code.tex 2025-08-29 v3.1.11a (3.1.11a)
)))
(C:\Users\Vedant\AppData\Local\Programs\MiKTeX\tex/generic/pgf/libraries\pgflib
raryarrows.meta.code.tex
File: pgflibraryarrows.meta.code.tex 2025-08-29 v3.1.11a (3.1.11a)
\pgfarrowinset=\dimen269
\pgfarrowlength=\dimen270
\pgfarrowwidth=\dimen271
\pgfarrowlinewidth=\dimen272
)
(C:\Users\Vedant\AppData\Local\Programs\MiKTeX\tex/generic/pgf/frontendlayer/ti
kz/libraries\tikzlibrarypositioning.code.tex
File: tikzlibrarypositioning.code.tex 2025-08-29 v3.1.11a (3.1.11a)
)
(C:\Users\Vedant\AppData\Local\Programs\MiKTeX\tex/generic/pgf/frontendlayer/ti
kz/libraries\tikzlibraryshapes.geometric.code.tex
File: tikzlibraryshapes.geometric.code.tex 2025-08-29 v3.1.11a (3.1.11a)

(C:\Users\Vedant\AppData\Local\Programs\MiKTeX\tex/generic/pgf/libraries/shapes
\pgflibraryshapes.geometric.code.tex
File: pgflibraryshapes.geometric.code.tex 2025-08-29 v3.1.11a (3.1.11a)
))
(C:\Users\Vedant\AppData\Local\Programs\MiKTeX\tex/generic/pgf/frontendlayer/ti
kz/libraries\tikzlibraryfit.code.tex
File: tikzlibraryfit.code.tex 2025-08-29 v3.1.11a (3.1.11a)
)
(C:\Users\Vedant\AppData\Local\Programs\MiKTeX\tex/generic/pgf/frontendlayer/ti
kz/libraries\tikzlibrarycalc.code.tex
File: tikzlibrarycalc.code.tex 2025-08-29 v3.1.11a (3.1.11a)
)
(C:\Users\Vedant\AppData\Local\Programs\MiKTeX\tex/latex/l3backend\l3backend-pd
ftex.def
File: l3backend-pdftex.def 2025-10-09 L3 backend support: PDF output (pdfTeX)
\l__color_backend_stack_int=\count322
) (hackathon-submission-document.aux)
\openout1 = `hackathon-submission-document.aux'.

LaTeX Font Info:    Checking defaults for OML/cmm/m/it on input line 70.
LaTeX Font Info:    ... okay on input line 70.
LaTeX Font Info:    Checking defaults for OMS/cmsy/m/n on input line 70.
LaTeX Font Info:    ... okay on input line 70.
LaTeX Font Info:    Checking defaults for OT1/cmr/m/n on input line 70.
LaTeX Font Info:    ... okay on input line 70.
LaTeX Font Info:    Checking defaults for T1/cmr/m/n on input line 70.
LaTeX Font Info:    ... okay on input line 70.
LaTeX Font Info:    Checking defaults for TS1/cmr/m/n on input line 70.
LaTeX Font Info:    ... okay on input line 70.
LaTeX Font Info:    Checking defaults for OMX/cmex/m/n on input line 70.
LaTeX Font Info:    ... okay on input line 70.
LaTeX Font Info:    Checking defaults for U/cmr/m/n on input line 70.
LaTeX Font Info:    ... okay on input line 70.
LaTeX Font Info:    Checking defaults for PD1/pdf/m/n on input line 70.
LaTeX Font Info:    ... okay on input line 70.
LaTeX Font Info:    Checking defaults for PU/pdf/m/n on input line 70.
LaTeX Font Info:    ... okay on input line 70.

(C:\Users\Vedant\AppData\Local\Programs\MiKTeX\tex/context/base/mkii\supp-pdf.m
kii
[Loading MPS to PDF converter (version 2006.09.02).]
\scratchcounter=\count323
\scratchdimen=\dimen273
\scratchbox=\box71
\nofMPsegments=\count324
\nofMParguments=\count325
\everyMPshowfont=\toks33
\MPscratchCnt=\count326
\MPscratchDim=\dimen274
\MPnumerator=\count327
\makeMPintoPDFobject=\count328
\everyMPtoPDFconversion=\toks34
)
(C:\Users\Vedant\AppData\Local\Programs\MiKTeX\tex/latex/epstopdf-pkg\epstopdf-
base.sty
Package: epstopdf-base 2020-01-24 v2.11 Base part for package epstopdf
Package epstopdf-base Info: Redefining graphics rule for `.eps' on input line 4
85.

(C:\Users\Vedant\AppData\Local\Programs\MiKTeX\tex/latex/00miktex\epstopdf-sys.
cfg
File: epstopdf-sys.cfg 2021/03/18 v2.0 Configuration of epstopdf for MiKTeX
))
Package hyperref Info: Link coloring ON on input line 70.
 (hackathon-submission-document.out) (hackathon-submission-document.out)
\@outlinefile=\write4
\openout4 = `hackathon-submission-document.out'.

LaTeX Font Info:    External font `cmex10' loaded for size
(Font)              <10.95> on input line 103.
LaTeX Font Info:    External font `cmex10' loaded for size
(Font)              <8> on input line 103.
LaTeX Font Info:    External font `cmex10' loaded for size
(Font)              <6> on input line 103.
LaTeX Font Info:    External font `cmex10' loaded for size
(Font)              <14.4> on input line 104.
LaTeX Font Info:    External font `cmex10' loaded for size
(Font)              <7> on input line 104.
LaTeX Font Info:    External font `cmex10' loaded for size
(Font)              <5> on input line 128.

(C:\Users\Vedant\AppData\Local\Programs\MiKTeX\tex/generic/stringenc\se-pdfdoc.
def
File: se-pdfdoc.def 2019/11/29 v1.12 stringenc: PDFDocEncoding
) [1

{C:/Users/Vedant/AppData/Local/MiKTeX/fonts/map/pdftex/pdftex.map}]
Underfull \hbox (badness 1137) in paragraph at lines 168--168
[]|\OT1/cmr/m/n/10.95 Vehicle / road-user
 []


Underfull \hbox (badness 4927) in paragraph at lines 170--170
[]|\OT1/cmr/m/n/10.95 Violation clas-si-fi-ca-
 []


Underfull \hbox (badness 10000) in paragraph at lines 173--173
[]|\OT1/cmr/m/n/10.95 Analytics and re-
 []


Underfull \hbox (badness 5417) in paragraph at lines 173--174
[]|\OT1/cmr/m/n/10.95 Dashboard, search-able vi-o-la-tions, trend charts,
 []


pdfTeX warning (ext4): destination with the same identifier (name{page.1}) has 
been already used, duplicate ignored
<to be read again> 
                   \relax 
l.202 \newpage
               [1] [2] (hackathon-submission-document.toc [3])
\tf@toc=\write5
\openout5 = `hackathon-submission-document.toc'.

 [4]
pdfTeX warning (ext4): destination with the same identifier (name{page.1}) has 
been already used, duplicate ignored
<to be read again> 
                   \relax 
l.259 
       [1]
<screenshots/02-problem.png, id=282, 1927.2pt x 976.64874pt>
File: screenshots/02-problem.png Graphic file (type png)
<use screenshots/02-problem.png>
Package pdftex.def Info: screenshots/02-problem.png  used on input line 265.
(pdftex.def)             Requested size: 469.44803pt x 237.90256pt.

pdfTeX warning (ext4): destination with the same identifier (name{page.2}) has 
been already used, duplicate ignored
<to be read again> 
                   \relax 
l.282   \item \textbf
                     {Phase 3 — Evidence Package.} Approved violations are...
[2 <./screenshots/02-problem.png>]
<screenshots/03-solution.png, id=291, 1927.2pt x 976.64874pt>
File: screenshots/03-solution.png Graphic file (type png)
<use screenshots/03-solution.png>
Package pdftex.def Info: screenshots/03-solution.png  used on input line 285.
(pdftex.def)             Requested size: 469.44803pt x 237.90256pt.

pdfTeX warning (ext4): destination with the same identifier (name{page.3}) has 
been already used, duplicate ignored
<to be read again> 
                   \relax 
l.302 
       [3 <./screenshots/03-solution.png>]
<screenshots/04-ai-engine.png, id=297, 1927.2pt x 976.64874pt>
File: screenshots/04-ai-engine.png Graphic file (type png)
<use screenshots/04-ai-engine.png>
Package pdftex.def Info: screenshots/04-ai-engine.png  used on input line 317.
(pdftex.def)             Requested size: 469.44803pt x 237.90256pt.
<screenshots/09-architecture.png, id=298, 1927.2pt x 976.64874pt>
File: screenshots/09-architecture.png Graphic file (type png)
<use screenshots/09-architecture.png>
Package pdftex.def Info: screenshots/09-architecture.png  used on input line 31
9.
(pdftex.def)             Requested size: 469.44803pt x 237.90256pt.

Overfull \hbox (1.80449pt too wide) in paragraph at lines 327--328
[]\OT1/cmr/bx/n/10.95 Three-channel en-force-ment work-flow \OT1/cmr/m/n/10.95 
com-bin-ing im-age/video de-tec-tion, privacy-redacted
 []


pdfTeX warning (ext4): destination with the same identifier (name{page.4}) has 
been already used, duplicate ignored
<to be read again> 
                   \relax 
l.332 \end{itemize}
                    [4]
<screenshots/05-how-it-works.png, id=302, 1927.2pt x 976.64874pt>
File: screenshots/05-how-it-works.png Graphic file (type png)
<use screenshots/05-how-it-works.png>
Package pdftex.def Info: screenshots/05-how-it-works.png  used on input line 33
4.
(pdftex.def)             Requested size: 469.44803pt x 237.90256pt.
<screenshots/06-features.png, id=303, 1927.2pt x 976.64874pt>
File: screenshots/06-features.png Graphic file (type png)
<use screenshots/06-features.png>
Package pdftex.def Info: screenshots/06-features.png  used on input line 336.
(pdftex.def)             Requested size: 469.44803pt x 237.90256pt.
<screenshots/07-impact.png, id=304, 1927.2pt x 976.64874pt>
File: screenshots/07-impact.png Graphic file (type png)
<use screenshots/07-impact.png>
Package pdftex.def Info: screenshots/07-impact.png  used on input line 338.
(pdftex.def)             Requested size: 469.44803pt x 237.90256pt.
 [5 <./screenshots/04-ai-engine.png> <./screenshots/09-architecture.png>] [6 <.
/screenshots/05-how-it-works.png> <./screenshots/06-features.png>]
Underfull \hbox (badness 10000) in paragraph at lines 364--364
[]|\OT1/cmr/m/n/10.95 CLAHE + de-noise + gamma
 []


Underfull \hbox (badness 3449) in paragraph at lines 370--370
[]|\OT1/cmr/m/n/10.95 OpenCV an-no-ta-tion + SHA-256
 []

[7 <./screenshots/07-impact.png>] [8]
Underfull \hbox (badness 10000) in paragraph at lines 432--432
[]|\OT1/cmr/m/n/10.95 Computer vi-sion
 []


Underfull \hbox (badness 4621) in paragraph at lines 434--434
[]|\OT1/cmr/m/n/10.95 Evidence and re-
 []


Underfull \hbox (badness 10000) in paragraph at lines 437--438
[]|\OT1/cmr/m/n/10.95 Violation trends; violation-type break-down;
 []


Underfull \hbox (badness 7151) in paragraph at lines 437--438
\OT1/cmr/m/n/10.95 hour/day heatmap; junction-level view; ROI
 []


Underfull \hbox (badness 10000) in paragraph at lines 438--438
[]|\OT1/cmr/m/n/10.95 Responsible AI
 []

ignored error: Infinite glue shrinkage found in box being split [9]
Underfull \hbox (badness 10000) in paragraph at lines 472--472
[]|\OT1/cmr/m/n/10.95 Frontend Dash-
 []


Underfull \hbox (badness 10000) in paragraph at lines 472--472
[]|[][]$\OT1/cmtt/m/n/10.95 https : / / vigil-[]ai-[]gules .
 []


Underfull \hbox (badness 10000) in paragraph at lines 472--472
[]|\OT1/cmr/m/n/10.95 HuggingFace
 []


Underfull \hbox (badness 10000) in paragraph at lines 472--472
[]|[][]$\OT1/cmtt/m/n/10.95 https : / /
 []


Underfull \hbox (badness 10000) in paragraph at lines 472--472
\OT1/cmtt/m/n/10.95 vtongtv-[]vigilai-[]backend .
 []


Underfull \hbox (badness 10000) in paragraph at lines 472--472
[]|[][]$\OT1/cmtt/m/n/10.95 https : / / github . com / VTongTV /
 []


Underfull \hbox (badness 10000) in paragraph at lines 489--489
[]|\OT1/cmr/m/n/10.95 HuggingFace Spaces
 []


Underfull \hbox (badness 1924) in paragraph at lines 489--490
[]|\OT1/cmr/m/n/10.95 FastAPI + mod-els on 16GB
 []

[10]
<screenshots/01-landing.png, id=352, 1927.2pt x 976.64874pt>
File: screenshots/01-landing.png Graphic file (type png)
<use screenshots/01-landing.png>
Package pdftex.def Info: screenshots/01-landing.png  used on input line 504.
(pdftex.def)             Requested size: 469.44803pt x 237.90256pt.
<screenshots/10-dashboard.png, id=353, 1927.2pt x 976.64874pt>
File: screenshots/10-dashboard.png Graphic file (type png)
<use screenshots/10-dashboard.png>
Package pdftex.def Info: screenshots/10-dashboard.png  used on input line 506.
(pdftex.def)             Requested size: 469.44803pt x 237.90256pt.
<screenshots/08-detect-upload.png, id=354, 1927.2pt x 976.64874pt>
File: screenshots/08-detect-upload.png Graphic file (type png)
<use screenshots/08-detect-upload.png>
Package pdftex.def Info: screenshots/08-detect-upload.png  used on input line 5
08.
(pdftex.def)             Requested size: 469.44803pt x 237.90256pt.
<screenshots/11-violations.png, id=355, 1927.2pt x 976.64874pt>
File: screenshots/11-violations.png Graphic file (type png)
<use screenshots/11-violations.png>
Package pdftex.def Info: screenshots/11-violations.png  used on input line 510.

(pdftex.def)             Requested size: 469.44803pt x 237.90256pt.
<screenshots/12-evidence.png, id=356, 1927.2pt x 976.64874pt>
File: screenshots/12-evidence.png Graphic file (type png)
<use screenshots/12-evidence.png>
Package pdftex.def Info: screenshots/12-evidence.png  used on input line 512.
(pdftex.def)             Requested size: 469.44803pt x 237.90256pt.
<screenshots/14-evidence-2.png, id=357, 1578.89874pt x 788.9475pt>
File: screenshots/14-evidence-2.png Graphic file (type png)
<use screenshots/14-evidence-2.png>
Package pdftex.def Info: screenshots/14-evidence-2.png  used on input line 514.

(pdftex.def)             Requested size: 469.45717pt x 234.57936pt.
<screenshots/13-analytics.png, id=358, 1927.2pt x 976.64874pt>
File: screenshots/13-analytics.png Graphic file (type png)
<use screenshots/13-analytics.png>
Package pdftex.def Info: screenshots/13-analytics.png  used on input line 516.
(pdftex.def)             Requested size: 469.44803pt x 237.90256pt.
<screenshots/15-map.png, id=359, 1561.835pt x 459.7175pt>
File: screenshots/15-map.png Graphic file (type png)
<use screenshots/15-map.png>
Package pdftex.def Info: screenshots/15-map.png  used on input line 518.
(pdftex.def)             Requested size: 469.45972pt x 138.18286pt.
<screenshots/16-dashboard-2.png, id=360, 1927.2pt x 976.64874pt>
File: screenshots/16-dashboard-2.png Graphic file (type png)
<use screenshots/16-dashboard-2.png>
Package pdftex.def Info: screenshots/16-dashboard-2.png  used on input line 520
.
(pdftex.def)             Requested size: 469.44803pt x 237.90256pt.
<screenshots/19-video.png, id=361, 1927.2pt x 976.64874pt>
File: screenshots/19-video.png Graphic file (type png)
<use screenshots/19-video.png>
Package pdftex.def Info: screenshots/19-video.png  used on input line 526.
(pdftex.def)             Requested size: 469.44803pt x 237.90256pt.
<screenshots/17-citizen.png, id=362, 1927.2pt x 976.64874pt>
File: screenshots/17-citizen.png Graphic file (type png)
<use screenshots/17-citizen.png>
Package pdftex.def Info: screenshots/17-citizen.png  used on input line 528.
(pdftex.def)             Requested size: 469.44803pt x 237.90256pt.
<screenshots/22-scraper.png, id=363, 1927.2pt x 976.64874pt>
File: screenshots/22-scraper.png Graphic file (type png)
<use screenshots/22-scraper.png>
Package pdftex.def Info: screenshots/22-scraper.png  used on input line 530.
(pdftex.def)             Requested size: 469.44803pt x 237.90256pt.
<screenshots/18-tracking.png, id=364, 1927.2pt x 976.64874pt>
File: screenshots/18-tracking.png Graphic file (type png)
<use screenshots/18-tracking.png>
Package pdftex.def Info: screenshots/18-tracking.png  used on input line 532.
(pdftex.def)             Requested size: 469.44803pt x 237.90256pt.
<screenshots/20-deepfake.png, id=365, 1927.2pt x 976.64874pt>
File: screenshots/20-deepfake.png Graphic file (type png)
<use screenshots/20-deepfake.png>
Package pdftex.def Info: screenshots/20-deepfake.png  used on input line 534.
(pdftex.def)             Requested size: 469.44803pt x 237.90256pt.
<screenshots/21-generator.png, id=366, 1927.2pt x 976.64874pt>
File: screenshots/21-generator.png Graphic file (type png)
<use screenshots/21-generator.png>
Package pdftex.def Info: screenshots/21-generator.png  used on input line 536.
(pdftex.def)             Requested size: 469.44803pt x 237.90256pt.

Overfull \hbox (2.16685pt too wide) in paragraph at lines 544--545
[]\OT1/cmr/m/n/10.95 VigilAI's method-ol-ogy spans five in-ter-con-nected do-ma
ins | the CV de-tec-tion pipeline, violation-
 []

[11 <./screenshots/01-landing.png>]
Overfull \hbox (44.31598pt too wide) in paragraph at lines 548--549
\OT1/cmr/m/n/10.95 cu-racy and VRAM foot-print. Two mod-els are per-ma-nently r
es-i-dent (COCO for per-sons/vehicles/motorcycles
 []

[12 <./screenshots/10-dashboard.png> <./screenshots/08-detect-upload.png>]
[13 <./screenshots/11-violations.png> <./screenshots/12-evidence.png>]
ignored error: Infinite glue shrinkage found in box being split [14 <./screensh
ots/14-evidence-2.png> <./screenshots/13-analytics.png>]
Underfull \hbox (badness 3396) in paragraph at lines 583--583
[]|\OT1/cmr/m/n/10.95 COCO in-cludes over-
 []


Underfull \hbox (badness 10000) in paragraph at lines 583--584
[]|\OT1/cmr/m/n/10.95 Evidence-gen
 []


Underfull \hbox (badness 1881) in paragraph at lines 584--585
[]|\OT1/cmr/m/n/10.95 Switch to Easy-
 []


Underfull \hbox (badness 10000) in paragraph at lines 586--587
[]|\OT1/cmr/m/n/10.95 Tune
 []


Underfull \hbox (badness 10000) in paragraph at lines 587--588
[]|\OT1/cmr/m/n/10.95 Add tem-po-ral
 []


Underfull \hbox (badness 10000) in paragraph at lines 588--589
[]|\OT1/cmr/m/n/10.95 Screenshot fall-
 []


Underfull \hbox (badness 10000) in paragraph at lines 604--604
[]|\OT1/cmr/m/n/10.95 Social-media posts are
 []


Underfull \hbox (badness 10000) in paragraph at lines 606--607
[]|\OT1/cmr/m/n/10.95 Officer cer-ti-fi-ca-
 []


Underfull \hbox (badness 10000) in paragraph at lines 609--609
[]|\OT1/cmr/m/n/10.95 CCTV law-ful (S.143
 []


Underfull \hbox (badness 10000) in paragraph at lines 609--610
[]|\OT1/cmr/m/n/10.95 BTP au-tho-riza-
 []

ignored error: Infinite glue shrinkage found in box being split [15]
Underfull \hbox (badness 10000) in paragraph at lines 622--623
[]|\OT1/cmr/m/n/10.95 Verify amend-
 []


Overfull \hbox (3.80637pt too wide) in paragraph at lines 645--646
[]|\OT1/cmr/bx/n/10.95 Priority| 
 []

[16] [17 <./screenshots/15-map.png> <./screenshots/16-dashboard-2.png>]
Overfull \vbox (43.02443pt too high) has occurred while \output is active []


[18 <./screenshots/19-video.png> <./screenshots/17-citizen.png>] [19 <./screens
hots/22-scraper.png> <./screenshots/18-tracking.png>]
Underfull \hbox (badness 10000) in paragraph at lines 709--709
[]|\OT1/cmr/m/n/10.95 8 junc-tions'
 []


Underfull \hbox (badness 10000) in paragraph at lines 711--711
[]|\OT1/cmr/m/n/10.95 Up to
 []


Underfull \hbox (badness 1515) in paragraph at lines 711--712
[]|\OT1/cmr/m/n/10.95 aggressive sce-nario es-ti-mate, not
 []

[20 <./screenshots/20-deepfake.png> <./screenshots/21-generator.png>] [21]
LaTeX Font Info:    Font shape `OT1/cmtt/bx/n' in size <10.95> not available
(Font)              Font shape `OT1/cmtt/m/n' tried instead on input line 780.

[22] [23] (hackathon-submission-document.aux)
 ***********
LaTeX2e <2025-11-01>
L3 programming layer <2025-12-24>
 ***********
Package rerunfilecheck Info: File `hackathon-submission-document.out' has not c
hanged.
(rerunfilecheck)             Checksum: DB7358B31A00AA223E4671EA250D710A;3745.
 ) 
Here is how much of TeX's memory you used:
 20599 strings out of 467871
 399427 string characters out of 5417893
 805534 words of memory out of 5000000
 49045 multiletter control sequences out of 15000+600000
 636211 words of font info for 68 fonts, out of 8000000 for 9000
 1141 hyphenation exceptions out of 8191
 84i,13n,94p,776b,643s stack positions out of 10000i,1000n,20000p,200000b,200000s
 <C:\Users\Vedant\AppData\Local\MiKTeX\fonts/pk/ljfour/jknappen/ec/dpi600\tcr
m1095.pk> <C:\Users\Vedant\AppData\Local\MiKTeX\fonts/pk/ljfour/jknappen/ec/dpi
600\tcrm1000.pk> <C:\Users\Vedant\AppData\Local\MiKTeX\fonts/pk/ljfour/jknappen
/ec/dpi600\tcbx1200.pk><C:/Users/Vedant/AppData/Local/Programs/MiKTeX/fonts/typ
e1/public/amsfonts/cm/cmbx10.pfb><C:/Users/Vedant/AppData/Local/Programs/MiKTeX
/fonts/type1/public/amsfonts/cm/cmbx12.pfb><C:/Users/Vedant/AppData/Local/Progr
ams/MiKTeX/fonts/type1/public/amsfonts/cm/cmbx8.pfb><C:/Users/Vedant/AppData/Lo
cal/Programs/MiKTeX/fonts/type1/public/amsfonts/cm/cmbxti10.pfb><C:/Users/Vedan
t/AppData/Local/Programs/MiKTeX/fonts/type1/public/amsfonts/cm/cmmi10.pfb><C:/U
sers/Vedant/AppData/Local/Programs/MiKTeX/fonts/type1/public/amsfonts/cm/cmmi12
.pfb><C:/Users/Vedant/AppData/Local/Programs/MiKTeX/fonts/type1/public/amsfonts
/cm/cmr10.pfb><C:/Users/Vedant/AppData/Local/Programs/MiKTeX/fonts/type1/public
/amsfonts/cm/cmr6.pfb><C:/Users/Vedant/AppData/Local/Programs/MiKTeX/fonts/type
1/public/amsfonts/cm/cmr9.pfb><C:/Users/Vedant/AppData/Local/Programs/MiKTeX/fo
nts/type1/public/amsfonts/cm/cmsy10.pfb><C:/Users/Vedant/AppData/Local/Programs
/MiKTeX/fonts/type1/public/amsfonts/cm/cmti10.pfb><C:/Users/Vedant/AppData/Loca
l/Programs/MiKTeX/fonts/type1/public/amsfonts/cm/cmtt10.pfb>
Output written on hackathon-submission-document.pdf (28 pages, 7627944 bytes).
PDF statistics:
 558 PDF objects out of 1000 (max. 8388607)
 114 named destinations out of 1000 (max. 500000)
 499 words of extra memory for PDF output out of 10000 (max. 10000000)

